2026-06-24 10:22:20,145 - data_preprocessing - DEBUG - Data loaded properly
2026-06-24 10:22:20,152 - data_preprocessing - DEBUG - Starting preprocessing for DataFrame
2026-06-24 10:22:20,187 - data_preprocessing - DEBUG - Target column encoded
2026-06-24 10:22:20,194 - data_preprocessing - DEBUG - Duplicates removed
2026-06-24 10:22:35,119 - data_preprocessing - DEBUG - Text column transformed
2026-06-24 10:22:35,121 - data_preprocessing - DEBUG - Starting preprocessing for DataFrame
2026-06-24 10:22:35,127 - data_preprocessing - DEBUG - Target column encoded
2026-06-24 10:22:35,131 - data_preprocessing - DEBUG - Duplicates removed
2026-06-24 10:22:38,999 - data_preprocessing - DEBUG - Text column transformed
2026-06-24 10:22:39,007 - data_preprocessing - DEBUG - Processed data saved to ./data/interim
2026-06-24 11:40:11,265 - data_preprocessing - DEBUG - Data loaded properly
2026-06-24 11:40:11,267 - data_preprocessing - DEBUG - Starting preprocessing for DataFrame
2026-06-24 11:40:11,280 - data_preprocessing - DEBUG - Target column encoded
2026-06-24 11:40:11,284 - data_preprocessing - DEBUG - Duplicates removed
2026-06-24 11:40:22,218 - data_preprocessing - DEBUG - Text column transformed
2026-06-24 11:40:22,219 - data_preprocessing - DEBUG - Starting preprocessing for DataFrame
2026-06-24 11:40:22,220 - data_preprocessing - DEBUG - Target column encoded
2026-06-24 11:40:22,222 - data_preprocessing - DEBUG - Duplicates removed
2026-06-24 11:40:25,015 - data_preprocessing - DEBUG - Text column transformed
2026-06-24 11:40:25,022 - data_preprocessing - DEBUG - Processed data saved to ./data/interim
2026-06-24 20:20:39,595 - data_preprocessing - DEBUG - Data loaded properly
2026-06-24 20:20:39,596 - data_preprocessing - DEBUG - Starting preprocessing for DataFrame
2026-06-24 20:20:39,606 - data_preprocessing - DEBUG - Target column encoded
2026-06-24 20:20:39,608 - data_preprocessing - DEBUG - Duplicates removed
2026-06-24 20:20:54,884 - data_preprocessing - DEBUG - Text column transformed
2026-06-24 20:20:54,886 - data_preprocessing - DEBUG - Starting preprocessing for DataFrame
2026-06-24 20:20:54,897 - data_preprocessing - DEBUG - Target column encoded
2026-06-24 20:20:54,907 - data_preprocessing - DEBUG - Duplicates removed
2026-06-24 20:20:56,978 - data_preprocessing - DEBUG - Text column transformed
2026-06-24 20:20:56,987 - data_preprocessing - DEBUG - Processed data saved to ./data/interim
